[INFO   ] Logger: Record log in /storage/emulated/0/MyPrograms/Kivy/WhatsappProject/.kivy/logs/kivy_21-01-27_45.txt
[INFO   ] Kivy: v1.11.1
[INFO   ] Kivy: Installed at "/data/user/0/ru.iiec.pydroid3/files/aarch64-linux-android/lib/python3.8/site-packages/kivy/__init__.py"
[INFO   ] Python: v3.8.3 (default, May 27 2020, 02:08:17) 
[GCC 9.3.0]
[INFO   ] Python: Interpreter at "/data/user/0/ru.iiec.pydroid3/files/aarch64-linux-android/bin/python3"
[INFO   ] Factory: 184 symbols loaded
[INFO   ] KivyMD: v0.104.1
[INFO   ] Image: Providers: img_tex, img_dds, img_sdl2, img_pil, img_gif (img_ffpyplayer ignored)
[INFO   ] Window: Provider: sdl2
[INFO   ] GL: Using the "OpenGL ES 2" graphics system
[INFO   ] GL: Backend used <sdl2>
[INFO   ] GL: OpenGL version <b'OpenGL ES 3.2 V@415.0 (GIT@f345350, I0760943699, 1580221225) (Date:01/28/20)'>
[INFO   ] GL: OpenGL vendor <b'Qualcomm'>
[INFO   ] GL: OpenGL renderer <b'Adreno (TM) 504'>
[INFO   ] GL: OpenGL parsed version: 3, 2
[INFO   ] GL: Texture max size <16384>
[INFO   ] GL: Texture max units <16>
[INFO   ] Window: auto add sdl2 input provider
[INFO   ] Window: virtual keyboard not allowed, single mode, not docked
[INFO   ] Text: Provider: sdl2
[INFO   ] GL: NPOT texture support is available
[WARNING] stderr: Traceback (most recent call last):
[WARNING] stderr:   File "kivy/properties.pyx", line 860, in kivy.properties.ObservableDict.__getattr__
[WARNING] stderr: KeyError: 'more'
[WARNING] stderr: 
[WARNING] stderr: During handling of the above exception, another exception occurred:
[WARNING] stderr: 
[WARNING] stderr: Traceback (most recent call last):
[WARNING] stderr:   File "/storage/emulated/0/MyPrograms/Kivy/WhatsappProject/main.py", line 59, in <module>
[WARNING] stderr:     MainApp().run()
[WARNING] stderr:   File "/storage/emulated/0/MyPrograms/Kivy/WhatsappProject/main.py", line 33, in __init__
[WARNING] stderr:     self.root.ids.main_screen_toolbar.ids.more
[WARNING] stderr:   File "kivy/properties.pyx", line 863, in kivy.properties.ObservableDict.__getattr__
[WARNING] stderr: AttributeError: 'super' object has no attribute '__getattr__'
